Analysis & Elaboration report for processor
Thu Aug 22 23:25:21 2024
Quartus Prime Version 19.1.0 Build 670 09/22/2019 SJ Lite Edition


---------------------
; Table of Contents ;
---------------------
  1. Legal Notice
  2. Analysis & Elaboration Summary
  3. Parallel Compilation
  4. Parameter Settings for User Entity Instance: program_memory:pm
  5. Analysis & Elaboration Settings
  6. Analysis & Elaboration Messages



----------------
; Legal Notice ;
----------------
Copyright (C) 2019  Intel Corporation. All rights reserved.
Your use of Intel Corporation's design tools, logic functions 
and other software and tools, and any partner logic 
functions, and any output files from any of the foregoing 
(including device programming or simulation files), and any 
associated documentation or information are expressly subject 
to the terms and conditions of the Intel Program License 
Subscription Agreement, the Intel Quartus Prime License Agreement,
the Intel FPGA IP License Agreement, or other applicable license
agreement, including, without limitation, that your use is for
the sole purpose of programming logic devices manufactured by
Intel and sold by Intel or its authorized distributors.  Please
refer to the applicable agreement for further details, at
https://fpgasoftware.intel.com/eula.



+----------------------------------------------------------------------------------+
; Analysis & Elaboration Summary                                                   ;
+------------------------------------+---------------------------------------------+
; Analysis & Elaboration Status      ; Successful - Thu Aug 22 23:25:21 2024       ;
; Quartus Prime Version              ; 19.1.0 Build 670 09/22/2019 SJ Lite Edition ;
; Revision Name                      ; processor                                   ;
; Top-level Entity Name              ; processor                                   ;
; Family                             ; Cyclone IV E                                ;
; Total logic elements               ; N/A until Partition Merge                   ;
;     Total combinational functions  ; N/A until Partition Merge                   ;
;     Dedicated logic registers      ; N/A until Partition Merge                   ;
; Total registers                    ; N/A until Partition Merge                   ;
; Total pins                         ; N/A until Partition Merge                   ;
; Total virtual pins                 ; N/A until Partition Merge                   ;
; Total memory bits                  ; N/A until Partition Merge                   ;
; Embedded Multiplier 9-bit elements ; N/A until Partition Merge                   ;
; Total PLLs                         ; N/A until Partition Merge                   ;
+------------------------------------+---------------------------------------------+


+------------------------------------------+
; Parallel Compilation                     ;
+----------------------------+-------------+
; Processors                 ; Number      ;
+----------------------------+-------------+
; Number detected on machine ; 12          ;
; Maximum allowed            ; 12          ;
;                            ;             ;
; Average used               ; 1.00        ;
; Maximum used               ; 1           ;
;                            ;             ;
; Usage by Processor         ; % Time Used ;
;     Processor 1            ; 100.0%      ;
+----------------------------+-------------+


+----------------------------------------------------------------+
; Parameter Settings for User Entity Instance: program_memory:pm ;
+----------------+-------+---------------------------------------+
; Parameter Name ; Value ; Type                                  ;
+----------------+-------+---------------------------------------+
; memsize        ; 65535 ; Signed Integer                        ;
+----------------+-------+---------------------------------------+
Note: In order to hide this table in the UI and the text report file, please set the "Show Parameter Settings in Synthesis Report" option in "Analysis and Synthesis Settings -> More Settings" to "Off".


+------------------------------------------------------------------------------------------------------------+
; Analysis & Elaboration Settings                                                                            ;
+------------------------------------------------------------------+--------------------+--------------------+
; Option                                                           ; Setting            ; Default Value      ;
+------------------------------------------------------------------+--------------------+--------------------+
; Device                                                           ; EP4CE115F29C7      ;                    ;
; Top-level entity name                                            ; processor          ; processor          ;
; Family name                                                      ; Cyclone IV E       ; Cyclone V          ;
; Use smart compilation                                            ; Off                ; Off                ;
; Enable parallel Assembler and Timing Analyzer during compilation ; On                 ; On                 ;
; Enable compact report table                                      ; Off                ; Off                ;
; Restructure Multiplexers                                         ; Auto               ; Auto               ;
; Create Debugging Nodes for IP Cores                              ; Off                ; Off                ;
; Preserve fewer node names                                        ; On                 ; On                 ;
; Intel FPGA IP Evaluation Mode                                    ; Enable             ; Enable             ;
; Verilog Version                                                  ; Verilog_2001       ; Verilog_2001       ;
; VHDL Version                                                     ; VHDL_1993          ; VHDL_1993          ;
; State Machine Processing                                         ; Auto               ; Auto               ;
; Safe State Machine                                               ; Off                ; Off                ;
; Extract Verilog State Machines                                   ; On                 ; On                 ;
; Extract VHDL State Machines                                      ; On                 ; On                 ;
; Ignore Verilog initial constructs                                ; Off                ; Off                ;
; Iteration limit for constant Verilog loops                       ; 5000               ; 5000               ;
; Iteration limit for non-constant Verilog loops                   ; 250                ; 250                ;
; Add Pass-Through Logic to Inferred RAMs                          ; On                 ; On                 ;
; Infer RAMs from Raw Logic                                        ; On                 ; On                 ;
; Parallel Synthesis                                               ; On                 ; On                 ;
; DSP Block Balancing                                              ; Auto               ; Auto               ;
; NOT Gate Push-Back                                               ; On                 ; On                 ;
; Power-Up Don't Care                                              ; On                 ; On                 ;
; Remove Redundant Logic Cells                                     ; Off                ; Off                ;
; Remove Duplicate Registers                                       ; On                 ; On                 ;
; Ignore CARRY Buffers                                             ; Off                ; Off                ;
; Ignore CASCADE Buffers                                           ; Off                ; Off                ;
; Ignore GLOBAL Buffers                                            ; Off                ; Off                ;
; Ignore ROW GLOBAL Buffers                                        ; Off                ; Off                ;
; Ignore LCELL Buffers                                             ; Off                ; Off                ;
; Ignore SOFT Buffers                                              ; On                 ; On                 ;
; Limit AHDL Integers to 32 Bits                                   ; Off                ; Off                ;
; Optimization Technique                                           ; Balanced           ; Balanced           ;
; Carry Chain Length                                               ; 70                 ; 70                 ;
; Auto Carry Chains                                                ; On                 ; On                 ;
; Auto Open-Drain Pins                                             ; On                 ; On                 ;
; Perform WYSIWYG Primitive Resynthesis                            ; Off                ; Off                ;
; Auto ROM Replacement                                             ; On                 ; On                 ;
; Auto RAM Replacement                                             ; On                 ; On                 ;
; Auto DSP Block Replacement                                       ; On                 ; On                 ;
; Auto Shift Register Replacement                                  ; Auto               ; Auto               ;
; Allow Shift Register Merging across Hierarchies                  ; Auto               ; Auto               ;
; Auto Clock Enable Replacement                                    ; On                 ; On                 ;
; Strict RAM Replacement                                           ; Off                ; Off                ;
; Allow Synchronous Control Signals                                ; On                 ; On                 ;
; Force Use of Synchronous Clear Signals                           ; Off                ; Off                ;
; Auto RAM Block Balancing                                         ; On                 ; On                 ;
; Auto RAM to Logic Cell Conversion                                ; Off                ; Off                ;
; Auto Resource Sharing                                            ; Off                ; Off                ;
; Allow Any RAM Size For Recognition                               ; Off                ; Off                ;
; Allow Any ROM Size For Recognition                               ; Off                ; Off                ;
; Allow Any Shift Register Size For Recognition                    ; Off                ; Off                ;
; Use LogicLock Constraints during Resource Balancing              ; On                 ; On                 ;
; Ignore translate_off and synthesis_off directives                ; Off                ; Off                ;
; Timing-Driven Synthesis                                          ; On                 ; On                 ;
; Report Parameter Settings                                        ; On                 ; On                 ;
; Report Source Assignments                                        ; On                 ; On                 ;
; Report Connectivity Checks                                       ; On                 ; On                 ;
; Ignore Maximum Fan-Out Assignments                               ; Off                ; Off                ;
; Synchronization Register Chain Length                            ; 2                  ; 2                  ;
; Power Optimization During Synthesis                              ; Normal compilation ; Normal compilation ;
; HDL message level                                                ; Level2             ; Level2             ;
; Suppress Register Optimization Related Messages                  ; Off                ; Off                ;
; Number of Removed Registers Reported in Synthesis Report         ; 5000               ; 5000               ;
; Number of Swept Nodes Reported in Synthesis Report               ; 5000               ; 5000               ;
; Number of Inverted Registers Reported in Synthesis Report        ; 100                ; 100                ;
; Clock MUX Protection                                             ; On                 ; On                 ;
; Auto Gated Clock Conversion                                      ; Off                ; Off                ;
; Block Design Naming                                              ; Auto               ; Auto               ;
; SDC constraint protection                                        ; Off                ; Off                ;
; Synthesis Effort                                                 ; Auto               ; Auto               ;
; Shift Register Replacement - Allow Asynchronous Clear Signal     ; On                 ; On                 ;
; Pre-Mapping Resynthesis Optimization                             ; Off                ; Off                ;
; Analysis & Synthesis Message Level                               ; Medium             ; Medium             ;
; Disable Register Merging Across Hierarchies                      ; Auto               ; Auto               ;
; Resource Aware Inference For Block RAM                           ; On                 ; On                 ;
+------------------------------------------------------------------+--------------------+--------------------+


+---------------------------------+
; Analysis & Elaboration Messages ;
+---------------------------------+
Info: *******************************************************************
Info: Running Quartus Prime Analysis & Elaboration
    Info: Version 19.1.0 Build 670 09/22/2019 SJ Lite Edition
    Info: Processing started: Thu Aug 22 23:25:05 2024
Info: Command: quartus_map --read_settings_files=on --write_settings_files=off processor -c processor --analysis_and_elaboration
Warning (18236): Number of processors has not been specified which may cause overloading on shared machines.  Set the global assignment NUM_PARALLEL_PROCESSORS in your QSF to an appropriate value for best performance.
Info (20030): Parallel compilation is enabled and will use 12 of the 12 processors detected
Info (12021): Found 12 design units, including 12 entities, in source file processor.v
    Info (12023): Found entity 1: arithmetic_logic_unit File: /home/gabriel/Documents/Unifesp/LAB_AOC/processor/quartus/processor.v Line: 73
    Info (12023): Found entity 2: clock_divider File: /home/gabriel/Documents/Unifesp/LAB_AOC/processor/quartus/processor.v Line: 101
    Info (12023): Found entity 3: control_unit File: /home/gabriel/Documents/Unifesp/LAB_AOC/processor/quartus/processor.v Line: 265
    Info (12023): Found entity 4: decoder_i File: /home/gabriel/Documents/Unifesp/LAB_AOC/processor/quartus/processor.v Line: 452
    Info (12023): Found entity 5: decoder_r File: /home/gabriel/Documents/Unifesp/LAB_AOC/processor/quartus/processor.v Line: 463
    Info (12023): Found entity 6: decoder_j File: /home/gabriel/Documents/Unifesp/LAB_AOC/processor/quartus/processor.v Line: 474
    Info (12023): Found entity 7: processor File: /home/gabriel/Documents/Unifesp/LAB_AOC/processor/quartus/processor.v Line: 678
    Info (12023): Found entity 8: program_counter File: /home/gabriel/Documents/Unifesp/LAB_AOC/processor/quartus/processor.v Line: 859
    Info (12023): Found entity 9: program_memory File: /home/gabriel/Documents/Unifesp/LAB_AOC/processor/quartus/processor.v Line: 993
    Info (12023): Found entity 10: random_acess_memory File: /home/gabriel/Documents/Unifesp/LAB_AOC/processor/quartus/processor.v Line: 1009
    Info (12023): Found entity 11: register_bank File: /home/gabriel/Documents/Unifesp/LAB_AOC/processor/quartus/processor.v Line: 1056
    Info (12023): Found entity 12: seven_segment_decoder File: /home/gabriel/Documents/Unifesp/LAB_AOC/processor/quartus/processor.v Line: 1111
Info (12127): Elaborating entity "processor" for the top level hierarchy
Info (12128): Elaborating entity "clock_divider" for hierarchy "clock_divider:clk_div" File: /home/gabriel/Documents/Unifesp/LAB_AOC/processor/quartus/processor.v Line: 689
Info (12128): Elaborating entity "program_memory" for hierarchy "program_memory:pm" File: /home/gabriel/Documents/Unifesp/LAB_AOC/processor/quartus/processor.v Line: 699
Warning (10030): Net "memory[4..65535]" at processor.v(998) has no driver or initial value, using a default initial value '0' File: /home/gabriel/Documents/Unifesp/LAB_AOC/processor/quartus/processor.v Line: 998
Info (12128): Elaborating entity "decoder_i" for hierarchy "decoder_i:deci" File: /home/gabriel/Documents/Unifesp/LAB_AOC/processor/quartus/processor.v Line: 711
Info (12128): Elaborating entity "decoder_j" for hierarchy "decoder_j:decj" File: /home/gabriel/Documents/Unifesp/LAB_AOC/processor/quartus/processor.v Line: 722
Info (12128): Elaborating entity "decoder_r" for hierarchy "decoder_r:decr" File: /home/gabriel/Documents/Unifesp/LAB_AOC/processor/quartus/processor.v Line: 733
Info (12128): Elaborating entity "register_bank" for hierarchy "register_bank:registers" File: /home/gabriel/Documents/Unifesp/LAB_AOC/processor/quartus/processor.v Line: 763
Info (12128): Elaborating entity "arithmetic_logic_unit" for hierarchy "arithmetic_logic_unit:alu" File: /home/gabriel/Documents/Unifesp/LAB_AOC/processor/quartus/processor.v Line: 785
Info (12128): Elaborating entity "program_counter" for hierarchy "program_counter:pc" File: /home/gabriel/Documents/Unifesp/LAB_AOC/processor/quartus/processor.v Line: 799
Info (12128): Elaborating entity "random_acess_memory" for hierarchy "random_acess_memory:ram" File: /home/gabriel/Documents/Unifesp/LAB_AOC/processor/quartus/processor.v Line: 819
Info (12128): Elaborating entity "seven_segment_decoder" for hierarchy "random_acess_memory:ram|seven_segment_decoder:ss_dec" File: /home/gabriel/Documents/Unifesp/LAB_AOC/processor/quartus/processor.v Line: 1037
Info (12128): Elaborating entity "control_unit" for hierarchy "control_unit:cu" File: /home/gabriel/Documents/Unifesp/LAB_AOC/processor/quartus/processor.v Line: 840
Warning (10230): Verilog HDL assignment warning at processor.v(297): truncated value with size 6 to match size of target (4) File: /home/gabriel/Documents/Unifesp/LAB_AOC/processor/quartus/processor.v Line: 297
Warning (10230): Verilog HDL assignment warning at processor.v(354): truncated value with size 6 to match size of target (4) File: /home/gabriel/Documents/Unifesp/LAB_AOC/processor/quartus/processor.v Line: 354
Warning (10240): Verilog HDL Always Construct warning at processor.v(280): inferring latch(es) for variable "optype", which holds its previous value in one or more paths through the always construct File: /home/gabriel/Documents/Unifesp/LAB_AOC/processor/quartus/processor.v Line: 280
Warning (10240): Verilog HDL Always Construct warning at processor.v(280): inferring latch(es) for variable "shamft", which holds its previous value in one or more paths through the always construct File: /home/gabriel/Documents/Unifesp/LAB_AOC/processor/quartus/processor.v Line: 280
Warning (10240): Verilog HDL Always Construct warning at processor.v(280): inferring latch(es) for variable "deference", which holds its previous value in one or more paths through the always construct File: /home/gabriel/Documents/Unifesp/LAB_AOC/processor/quartus/processor.v Line: 280
Warning (10240): Verilog HDL Always Construct warning at processor.v(280): inferring latch(es) for variable "aluop", which holds its previous value in one or more paths through the always construct File: /home/gabriel/Documents/Unifesp/LAB_AOC/processor/quartus/processor.v Line: 280
Warning (10240): Verilog HDL Always Construct warning at processor.v(280): inferring latch(es) for variable "pcconfig", which holds its previous value in one or more paths through the always construct File: /home/gabriel/Documents/Unifesp/LAB_AOC/processor/quartus/processor.v Line: 280
Warning (10240): Verilog HDL Always Construct warning at processor.v(280): inferring latch(es) for variable "ramconfig", which holds its previous value in one or more paths through the always construct File: /home/gabriel/Documents/Unifesp/LAB_AOC/processor/quartus/processor.v Line: 280
Warning (10240): Verilog HDL Always Construct warning at processor.v(280): inferring latch(es) for variable "regbankconfig", which holds its previous value in one or more paths through the always construct File: /home/gabriel/Documents/Unifesp/LAB_AOC/processor/quartus/processor.v Line: 280
Warning (10240): Verilog HDL Always Construct warning at processor.v(280): inferring latch(es) for variable "regsource", which holds its previous value in one or more paths through the always construct File: /home/gabriel/Documents/Unifesp/LAB_AOC/processor/quartus/processor.v Line: 280
Info (10041): Inferred latch for "regsource[1]" at processor.v(322) File: /home/gabriel/Documents/Unifesp/LAB_AOC/processor/quartus/processor.v Line: 322
Info (10041): Inferred latch for "regsource[0]" at processor.v(322) File: /home/gabriel/Documents/Unifesp/LAB_AOC/processor/quartus/processor.v Line: 322
Info (10041): Inferred latch for "regbankconfig" at processor.v(322) File: /home/gabriel/Documents/Unifesp/LAB_AOC/processor/quartus/processor.v Line: 322
Info (10041): Inferred latch for "ramconfig" at processor.v(322) File: /home/gabriel/Documents/Unifesp/LAB_AOC/processor/quartus/processor.v Line: 322
Info (10041): Inferred latch for "pcconfig[1]" at processor.v(322) File: /home/gabriel/Documents/Unifesp/LAB_AOC/processor/quartus/processor.v Line: 322
Info (10041): Inferred latch for "pcconfig[0]" at processor.v(322) File: /home/gabriel/Documents/Unifesp/LAB_AOC/processor/quartus/processor.v Line: 322
Info (10041): Inferred latch for "aluop[3]" at processor.v(322) File: /home/gabriel/Documents/Unifesp/LAB_AOC/processor/quartus/processor.v Line: 322
Info (10041): Inferred latch for "aluop[2]" at processor.v(322) File: /home/gabriel/Documents/Unifesp/LAB_AOC/processor/quartus/processor.v Line: 322
Info (10041): Inferred latch for "aluop[1]" at processor.v(322) File: /home/gabriel/Documents/Unifesp/LAB_AOC/processor/quartus/processor.v Line: 322
Info (10041): Inferred latch for "aluop[0]" at processor.v(322) File: /home/gabriel/Documents/Unifesp/LAB_AOC/processor/quartus/processor.v Line: 322
Info (10041): Inferred latch for "deference[2]" at processor.v(322) File: /home/gabriel/Documents/Unifesp/LAB_AOC/processor/quartus/processor.v Line: 322
Info (10041): Inferred latch for "deference[1]" at processor.v(322) File: /home/gabriel/Documents/Unifesp/LAB_AOC/processor/quartus/processor.v Line: 322
Info (10041): Inferred latch for "deference[0]" at processor.v(322) File: /home/gabriel/Documents/Unifesp/LAB_AOC/processor/quartus/processor.v Line: 322
Info (10041): Inferred latch for "shamft[5]" at processor.v(322) File: /home/gabriel/Documents/Unifesp/LAB_AOC/processor/quartus/processor.v Line: 322
Info (10041): Inferred latch for "shamft[4]" at processor.v(322) File: /home/gabriel/Documents/Unifesp/LAB_AOC/processor/quartus/processor.v Line: 322
Info (10041): Inferred latch for "shamft[3]" at processor.v(322) File: /home/gabriel/Documents/Unifesp/LAB_AOC/processor/quartus/processor.v Line: 322
Info (10041): Inferred latch for "shamft[2]" at processor.v(322) File: /home/gabriel/Documents/Unifesp/LAB_AOC/processor/quartus/processor.v Line: 322
Info (10041): Inferred latch for "shamft[1]" at processor.v(322) File: /home/gabriel/Documents/Unifesp/LAB_AOC/processor/quartus/processor.v Line: 322
Info (10041): Inferred latch for "shamft[0]" at processor.v(322) File: /home/gabriel/Documents/Unifesp/LAB_AOC/processor/quartus/processor.v Line: 322
Info (10041): Inferred latch for "optype[1]" at processor.v(322) File: /home/gabriel/Documents/Unifesp/LAB_AOC/processor/quartus/processor.v Line: 322
Info (10041): Inferred latch for "optype[0]" at processor.v(322) File: /home/gabriel/Documents/Unifesp/LAB_AOC/processor/quartus/processor.v Line: 322
Info: Quartus Prime Analysis & Elaboration was successful. 0 errors, 12 warnings
    Info: Peak virtual memory: 1767 megabytes
    Info: Processing ended: Thu Aug 22 23:25:21 2024
    Info: Elapsed time: 00:00:16
    Info: Total CPU time (on all processors): 00:00:25


